This is XeTeX, Version 3.1415926-2.2-0.9997.4 (Web2C 2010) (INITEX)  15 NOV 2010 12:34
entering extended mode
 restricted \write18 enabled.
 %&-line parsing enabled.
**xelatex.ini
(c:/texlive/2010/texmf-dist/tex/latex/latexconfig/xelatex.ini
(c:/texlive/2010/texmf-dist/tex/generic/xetexconfig/unicode-letters.tex
loading Unicode properties and character classes)
(c:/texlive/2010/texmf-dist/tex/latex/base/latex.ltx
(c:/texlive/2010/texmf-dist/tex/latex/base/texsys.cfg)
\openout15 = `texsys.aux'.


./texsys.aux found


\@currdir set to: ./.


Assuming \openin and \input 
have the same search path.


Defining UNIX/DOS style filename parser.

catcodes, registers,
\maxdimen=\dimen10
\hideskip=\skip10
\p@=\dimen11
\z@=\dimen12
\z@skip=\skip11
\voidb@x=\box10
 compatibility for TeX 2,  parameters,
\normalbaselineskip=\skip12
\normallineskip=\skip13
\normallineskiplimit=\dimen13
\interfootnotelinepenalty=\count23
\strutbox=\box11

LaTeX2e <2009/09/24>
hacks,
\@tempcnta=\count24
\@tempcntb=\count25
\@tempdima=\dimen14
\@tempdimb=\dimen15
\@tempdimc=\dimen16
\@tempboxa=\box12
\@tempskipa=\skip14
\@tempskipb=\skip15
\@temptokena=\toks10
\@flushglue=\skip16
 control, par, spacing,
\@savsk=\dimen17
\@savsf=\count26
\smallskipamount=\skip17
\medskipamount=\skip18
\bigskipamount=\skip19
\fill=\skip20
 files,
\@inputcheck=\read0
\@unused=\write0
\@mainaux=\write1
\@partaux=\write2
\@clubpenalty=\count27
 font encodings, lengths,
\everymath=\toks11
\everydisplay=\toks12
\every@math@size=\toks13
\lower@bound=\dimen18
\upper@bound=\dimen19
\c@mv@normal=\count28
\c@mv@bold=\count29

====================================

Local config file fonttext.cfg used

====================================
(c:/texlive/2010/texmf-dist/tex/latex/base/fonttext.cfg
File: fonttext.cfg 2004/02/04 v2.3a LaTeX Kernel (Uncustomised text font setup)


(c:/texlive/2010/texmf-dist/tex/latex/base/fonttext.ltx
File: fonttext.ltx 2004/02/04 v2.3a LaTeX Kernel (Text font setup)

=== Don't modify this file, use a .cfg file instead ===

(c:/texlive/2010/texmf-dist/tex/latex/base/omlenc.def
File: omlenc.def 2005/09/27 v1.99g Standard LaTeX file
)
(c:/texlive/2010/texmf-dist/tex/latex/base/t1enc.def
File: t1enc.def 2005/09/27 v1.99g Standard LaTeX file
)
(c:/texlive/2010/texmf-dist/tex/latex/base/ot1enc.def
File: ot1enc.def 2005/09/27 v1.99g Standard LaTeX file
)
(c:/texlive/2010/texmf-dist/tex/latex/base/omsenc.def
File: omsenc.def 2005/09/27 v1.99g Standard LaTeX file
)
(c:/texlive/2010/texmf-dist/tex/latex/base/t1cmr.fd
File: t1cmr.fd 1999/05/25 v2.5h Standard LaTeX font definitions
)
(c:/texlive/2010/texmf-dist/tex/latex/base/ot1cmr.fd
File: ot1cmr.fd 1999/05/25 v2.5h Standard LaTeX font definitions
)
(c:/texlive/2010/texmf-dist/tex/latex/base/ot1cmss.fd
File: ot1cmss.fd 1999/05/25 v2.5h Standard LaTeX font definitions
)
(c:/texlive/2010/texmf-dist/tex/latex/base/ot1cmtt.fd
File: ot1cmtt.fd 1999/05/25 v2.5h Standard LaTeX font definitions
)))
====================================

Local config file fontmath.cfg used

====================================
(c:/texlive/2010/texmf-dist/tex/latex/base/fontmath.cfg
File: fontmath.cfg 2004/02/04 v2.3a LaTeX Kernel (Uncustomised math font setup)


(c:/texlive/2010/texmf-dist/tex/latex/base/fontmath.ltx
File: fontmath.ltx 2004/02/04 v2.3a LaTeX Kernel (Math font setup)

=== Don't modify this file, use a .cfg file instead ===

LaTeX Font Info:    Redeclaring font encoding OML on input line 59.
LaTeX Font Info:    Redeclaring font encoding OMS on input line 60.
(c:/texlive/2010/texmf-dist/tex/latex/base/omlcmm.fd
File: omlcmm.fd 1999/05/25 v2.5h Standard LaTeX font definitions
)
(c:/texlive/2010/texmf-dist/tex/latex/base/omscmsy.fd
File: omscmsy.fd 1999/05/25 v2.5h Standard LaTeX font definitions
)
(c:/texlive/2010/texmf-dist/tex/latex/base/omxcmex.fd
File: omxcmex.fd 1999/05/25 v2.5h Standard LaTeX font definitions
)
(c:/texlive/2010/texmf-dist/tex/latex/base/ucmr.fd
File: ucmr.fd 1999/05/25 v2.5h Standard LaTeX font definitions
)
\symoperators=\mathgroup0
\symletters=\mathgroup1
\symsymbols=\mathgroup2
\symlargesymbols=\mathgroup3
LaTeX Font Info:    Overwriting symbol font `operators' in version `bold'
(Font)                  OT1/cmr/m/n --> OT1/cmr/bx/n on input line 78.
LaTeX Font Info:    Overwriting symbol font `letters' in version `bold'
(Font)                  OML/cmm/m/it --> OML/cmm/b/it on input line 79.
LaTeX Font Info:    Overwriting symbol font `symbols' in version `bold'
(Font)                  OMS/cmsy/m/n --> OMS/cmsy/b/n on input line 80.
LaTeX Font Info:    Overwriting math alphabet `\mathsf' in version `bold'
(Font)                  OT1/cmss/m/n --> OT1/cmss/bx/n on input line 88.
LaTeX Font Info:    Overwriting math alphabet `\mathit' in version `bold'
(Font)                  OT1/cmr/m/it --> OT1/cmr/bx/it on input line 89.
))
====================================

Local config file preload.cfg used

=====================================
(c:/texlive/2010/texmf-dist/tex/latex/base/preload.cfg
File: preload.cfg 2004/02/04 v2.3a LaTeX Kernel (Uncustomised preload font setu
p)

(c:/texlive/2010/texmf-dist/tex/latex/base/preload.ltx
File: preload.ltx 1998/08/17 v2.1g LaTeX Kernel (Font Preloading)
)) page nos., x-ref,
environments, center,
\@rightskip=\skip21
 verbatim, math definitions,
\jot=\dimen20
\interdisplaylinepenalty=\count30
\rootbox=\box13
\c@equation=\count31
\@eqcnt=\count32
\@eqpen=\count33
\@centering=\skip22
\topsep=\skip23
\partopsep=\skip24
\itemsep=\skip25
\parsep=\skip26
\@topsep=\skip27
\@topsepadd=\skip28
\@outerparskip=\skip29
\leftmargin=\dimen21
\rightmargin=\dimen22
\listparindent=\dimen23
\itemindent=\dimen24
\labelwidth=\dimen25
\labelsep=\dimen26
\linewidth=\dimen27
\@totalleftmargin=\dimen28
\leftmargini=\dimen29
\leftmarginii=\dimen30
\leftmarginiii=\dimen31
\leftmarginiv=\dimen32
\leftmarginv=\dimen33
\leftmarginvi=\dimen34
\@listdepth=\count34
\@itempenalty=\count35
\@beginparpenalty=\count36
\@endparpenalty=\count37
\@labels=\box14
\par@deathcycles=\count38
\@enumdepth=\count39
\c@enumi=\count40
\c@enumii=\count41
\c@enumiii=\count42
\c@enumiv=\count43
\@itemdepth=\count44
 boxes,
\fboxrule=\dimen35
\fboxsep=\dimen36
\@mplistdepth=\count45
\@mpfootins=\insert254
\@gtempa=\dimen37
\@gtempa=\dimen38
\@gtempa=\dimen39
\@gtempa=\dimen40
\@gtempa=\dimen41
\@gtempa=\dimen42
\@gtempa=\dimen43
\@gtempa=\dimen44
\@gtempa=\dimen45
\@gtempa=\dimen46
\@gtempa=\dimen47
\@gtempa=\dimen48
\@gtempa=\dimen49
\@gtempa=\dimen50
\@nxttabmar=\count46
\@curtabmar=\count47
\@curtab=\count48
\@hightab=\count49
\@tabpush=\count50
\@curline=\box15
\@curfield=\box16
\@tabfbox=\box17
\tabbingsep=\dimen51
\@chclass=\count51
\@lastchclass=\count52
\@chnum=\count53
\arraycolsep=\dimen52
\tabcolsep=\dimen53
\arrayrulewidth=\dimen54
\doublerulesep=\dimen55
\@arstrutbox=\box18
\@wholewidth=\dimen56
\@halfwidth=\dimen57
\unitlength=\dimen58
\@picbox=\box19
\@picht=\dimen59
\@ovxx=\dimen60
\@ovyy=\dimen61
\@ovdx=\dimen62
\@ovdy=\dimen63
\@ovro=\dimen64
\@ovri=\dimen65
\@xarg=\count54
\@yarg=\count55
\@yyarg=\count56
\@multicnt=\count57
\@xdim=\dimen66
\@ydim=\dimen67
\@linechar=\box20
\@linelen=\dimen68
\@clnwd=\dimen69
\@clnht=\dimen70
\@dashdim=\dimen71
\@dashbox=\box21
\@dashcnt=\count58
 title, sectioning,
\@secpenalty=\count59
\c@secnumdepth=\count60
\c@tocdepth=\count61

contents, floats,
\@floatpenalty=\count62
 footnotes,
\footins=\insert253
\c@footnote=\count63
\c@mpfootnote=\count64
\footnotesep=\dimen72
 index, bibliography, output,
\bx@A=\insert252
\bx@B=\insert251
\bx@C=\insert250
\bx@D=\insert249
\bx@E=\insert248
\bx@F=\insert247
\bx@G=\insert246
\bx@H=\insert245
\bx@I=\insert244
\bx@J=\insert243
\bx@K=\insert242
\bx@L=\insert241
\bx@M=\insert240
\bx@N=\insert239
\bx@O=\insert238
\bx@P=\insert237
\bx@Q=\insert236
\bx@R=\insert235
\topmargin=\dimen73
\oddsidemargin=\dimen74
\evensidemargin=\dimen75
\headheight=\dimen76
\headsep=\dimen77
\footskip=\dimen78
\textheight=\dimen79
\textwidth=\dimen80
\columnwidth=\dimen81
\columnsep=\dimen82
\columnseprule=\dimen83
\marginparwidth=\dimen84
\marginparsep=\dimen85
\marginparpush=\dimen86
\@begindvibox=\box22
\@maxdepth=\dimen87
\paperheight=\dimen88
\paperwidth=\dimen89
\col@number=\count65
\@topnum=\count66
\@toproom=\dimen90
\@dbltopnum=\count67
\@dbltoproom=\dimen91
\@botnum=\count68
\@botroom=\dimen92
\@colnum=\count69
\@textmin=\dimen93
\@fpmin=\dimen94
\@colht=\dimen95
\@colroom=\dimen96
\@pageht=\dimen97
\@pagedp=\dimen98
\@mparbottom=\dimen99
\@currtype=\count70
\@outputbox=\box23
\@leftcolumn=\box24
\@holdpg=\box25
\@kludgeins=\insert234
\@fpstype=\count71
\@reqcolroom=\dimen100
\@textfloatsheight=\dimen101
\c@topnumber=\count72
\c@bottomnumber=\count73
\c@totalnumber=\count74
\c@dbltopnumber=\count75
\floatsep=\skip30
\textfloatsep=\skip31
\intextsep=\skip32
\dblfloatsep=\skip33
\dbltextfloatsep=\skip34
\@fptop=\skip35
\@fpsep=\skip36
\@fpbot=\skip37
\@dblfptop=\skip38
\@dblfpsep=\skip39
\@dblfpbot=\skip40
\@lowpenalty=\count76
\@medpenalty=\count77
\@highpenalty=\count78

===========================================
Local configuration file hyphen.cfg used
===========================================
(c:/texlive/2010/texmf-dist/tex/generic/babel/hyphen.cfg
File: hyphen.cfg 2008/07/06 v3.8l Babel language switching mechanism
\l@english=\language0

(c:/texlive/2010/texmf/tex/generic/hyphen/hyphen.tex)
\l@usenglish=\language0
\l@USenglish=\language0
\l@american=\language0
\l@dumylang=\language1

(c:/texlive/2010/texmf/tex/generic/hyphen/dumyhyph.tex)
\l@nohyphenation=\language2

(c:/texlive/2010/texmf/tex/generic/hyphen/zerohyph.tex)
\l@german-x-2009-06-19=\language3

(c:/texlive/2010/texmf-dist/tex/generic/dehyph-exptl/dehypht-x-2009-06-19.tex
Using a TeX engine with native UTF-8 support.
(c:/texlive/2010/texmf-dist/tex/generic/dehyph-exptl/dehypht-x-2009-06-19.pat
German Hyphenation Patterns (Traditional Orthography) `dehypht-x' 2009-06-19 (W
L)))
\l@german-x-latest=\language3
\l@ngerman-x-2009-06-19=\language4

(c:/texlive/2010/texmf-dist/tex/generic/dehyph-exptl/dehyphn-x-2009-06-19.tex
Using a TeX engine with native UTF-8 support.
(c:/texlive/2010/texmf-dist/tex/generic/dehyph-exptl/dehyphn-x-2009-06-19.pat
German Hyphenation Patterns (Reformed Orthography, 2006) `dehyphn-x' 2009-06-19
 (WL)))
\l@ngerman-x-latest=\language4
\l@afrikaans=\language5

(c:/texlive/2010/texmf-dist/tex/generic/hyph-utf8/loadhyph/loadhyph-af.tex
UTF-8 Afrikaans Hyphenation Patterns
(c:/texlive/2010/texmf-dist/tex/generic/hyph-utf8/patterns/tex/hyph-af.tex))
\l@ancientgreek=\language6

(c:/texlive/2010/texmf-dist/tex/generic/hyph-utf8/loadhyph/loadhyph-grc.tex
UTF-8 Hyphenation patterns for Ancient Greek
(c:/texlive/2010/texmf-dist/tex/generic/hyph-utf8/patterns/tex/hyph-grc.tex))
\l@ibycus=\language7

(c:/texlive/2010/texmf/tex/generic/hyphen/ibyhyph.tex
Greek hyphenation patterns for Ibycus encoding, v3.0)
\l@arabic=\language8

(c:/texlive/2010/texmf/tex/generic/hyphen/zerohyph.tex)
\l@armenian=\language9

(c:/texlive/2010/texmf-dist/tex/generic/hyph-utf8/loadhyph/loadhyph-hy.tex
UTF-8 Armenian Hyphenation Patterns
(c:/texlive/2010/texmf-dist/tex/generic/hyph-utf8/patterns/tex/hyph-hy.tex))
\l@basque=\language10

(c:/texlive/2010/texmf-dist/tex/generic/hyph-utf8/loadhyph/loadhyph-eu.tex
UTF-8 Basque Hyphenation Patterns
(c:/texlive/2010/texmf-dist/tex/generic/hyph-utf8/patterns/tex/hyph-eu.tex))
\l@bulgarian=\language11

(c:/texlive/2010/texmf-dist/tex/generic/hyph-utf8/loadhyph/loadhyph-bg.tex
UTF-8 Bulgarian Hyphenation Patterns
(c:/texlive/2010/texmf-dist/tex/generic/hyph-utf8/patterns/tex/hyph-bg.tex))
\l@catalan=\language12

(c:/texlive/2010/texmf-dist/tex/generic/hyph-utf8/loadhyph/loadhyph-ca.tex
UTF-8 Catalan Hyphenation Patterns
(c:/texlive/2010/texmf-dist/tex/generic/hyph-utf8/patterns/tex/hyph-ca.tex))
\l@pinyin=\language13

(c:/texlive/2010/texmf-dist/tex/generic/hyph-utf8/loadhyph/loadhyph-zh-latn.tex
UTF-8 Hyphenation patterns for unaccented pinyin syllables (CJK 4.8.0)
(c:/texlive/2010/texmf-dist/tex/generic/hyph-utf8/patterns/tex/hyph-zh-latn.tex
))
\l@coptic=\language14
 (c:/texlive/2010/texmf-dist/tex/generic/hyph-utf8/loadhyph/loadhyph-cop.tex
UTF-8 Coptic Hyphenation Patterns
(c:/texlive/2010/texmf-dist/tex/generic/hyph-utf8/patterns/tex/hyph-cop.tex))
\l@croatian=\language15

(c:/texlive/2010/texmf-dist/tex/generic/hyph-utf8/loadhyph/loadhyph-hr.tex
UTF-8 Croatian Hyphenation Patterns
(c:/texlive/2010/texmf-dist/tex/generic/hyph-utf8/patterns/tex/hyph-hr.tex))
\l@czech=\language16

(c:/texlive/2010/texmf-dist/tex/generic/hyph-utf8/loadhyph/loadhyph-cs.tex
UTF-8 Czech Hyphenation Patterns (Pavel Sevecek, v3, 1995)
(c:/texlive/2010/texmf-dist/tex/generic/hyph-utf8/patterns/tex/hyph-cs.tex))
\l@danish=\language17

(c:/texlive/2010/texmf-dist/tex/generic/hyph-utf8/loadhyph/loadhyph-da.tex
UTF-8 Danish Hyphenation Patterns
(c:/texlive/2010/texmf-dist/tex/generic/hyph-utf8/patterns/tex/hyph-da.tex))
\l@dutch=\language18

(c:/texlive/2010/texmf-dist/tex/generic/hyph-utf8/loadhyph/loadhyph-nl.tex
UTF-8 Dutch Hyphenation Patterns
(c:/texlive/2010/texmf-dist/tex/generic/hyph-utf8/patterns/tex/hyph-nl.tex))
\l@ukenglish=\language19

(c:/texlive/2010/texmf-dist/tex/generic/hyph-utf8/loadhyph/loadhyph-en-gb.tex
ASCII Hyphenation Patterns for British English
(c:/texlive/2010/texmf-dist/tex/generic/hyph-utf8/patterns/tex/hyph-en-gb.tex))
\l@british=\language19
\l@UKenglish=\language19
\l@usenglishmax=\language20
(c:/texlive/2010/texmf-dist/tex/generic/hyph-utf8/loadhyph/loadhyph-en-us.tex
ASCII Hyphenation Patterns for American English
(c:/texlive/2010/texmf-dist/tex/generic/hyph-utf8/patterns/tex/hyph-en-us.tex))
\l@esperanto=\language21
(c:/texlive/2010/texmf-dist/tex/generic/hyph-utf8/loadhyph/loadhyph-eo.tex
UTF-8 Esperanto Hyphenation Patterns
(c:/texlive/2010/texmf-dist/tex/generic/hyph-utf8/patterns/tex/hyph-eo.tex))
\l@estonian=\language22

(c:/texlive/2010/texmf-dist/tex/generic/hyph-utf8/loadhyph/loadhyph-et.tex
UTF-8 Estonian Hyphenation Patterns
(c:/texlive/2010/texmf-dist/tex/generic/hyph-utf8/patterns/tex/hyph-et.tex))
\l@farsi=\language23

(c:/texlive/2010/texmf/tex/generic/hyphen/zerohyph.tex)
\l@persian=\language23
\l@finnish=\language24

(c:/texlive/2010/texmf-dist/tex/generic/hyph-utf8/loadhyph/loadhyph-fi.tex
UTF-8 Finnish Hyphenation Patterns
(c:/texlive/2010/texmf-dist/tex/generic/hyph-utf8/patterns/tex/hyph-fi.tex))
\l@french=\language25

(c:/texlive/2010/texmf-dist/tex/generic/hyph-utf8/loadhyph/loadhyph-fr.tex
UTF-8 French hyphenation patterns (V2.12, 2002/12/11)
(c:/texlive/2010/texmf-dist/tex/generic/hyph-utf8/patterns/tex/hyph-fr.tex))
\l@patois=\language25
\l@francais=\language25
\l@galician=\language26

(c:/texlive/2010/texmf-dist/tex/generic/hyph-utf8/loadhyph/loadhyph-gl.tex
UTF-8 Galician Hyphenation Patterns
(c:/texlive/2010/texmf-dist/tex/generic/hyph-utf8/patterns/tex/hyph-gl.tex))
\l@german=\language27

(c:/texlive/2010/texmf-dist/tex/generic/hyph-utf8/loadhyph/loadhyph-de-1901.tex
UTF-8 German Hyphenation Patterns (Traditional Orthography)
(c:/texlive/2010/texmf-dist/tex/generic/hyph-utf8/patterns/tex/hyph-de-1901.tex

German Hyphenation Patterns (Traditional Orthography) `dehypht-x' 2009-06-19 (W
L)))
\l@ngerman=\language28

(c:/texlive/2010/texmf-dist/tex/generic/hyph-utf8/loadhyph/loadhyph-de-1996.tex
UTF-8 German Hyphenation Patterns (Reformed Orthography)
(c:/texlive/2010/texmf-dist/tex/generic/hyph-utf8/patterns/tex/hyph-de-1996.tex

German Hyphenation Patterns (Reformed Orthography, 2006) `dehyphn-x' 2009-06-19
 (WL)))
\l@swissgerman=\language29

(c:/texlive/2010/texmf-dist/tex/generic/hyph-utf8/loadhyph/loadhyph-de-ch-1901.
tex UTF-8 Swiss-German Hyphenation Patterns (Traditional Orthography)
(c:/texlive/2010/texmf-dist/tex/generic/hyph-utf8/patterns/tex/hyph-de-ch-1901.
tex
Swiss-German Hyphenation Patterns (Traditional Orthography) `dehyphts-x' 2009-0
6-19 (WL)))
\l@monogreek=\language30

(c:/texlive/2010/texmf-dist/tex/generic/hyph-utf8/loadhyph/loadhyph-el-monoton.
tex UTF-8 Hyphenation patterns for uni-accent (monotonic) Modern Greek
(c:/texlive/2010/texmf-dist/tex/generic/hyph-utf8/patterns/tex/hyph-el-monoton.
tex))
\l@greek=\language31

(c:/texlive/2010/texmf-dist/tex/generic/hyph-utf8/loadhyph/loadhyph-el-polyton.
tex UTF-8 Hyphenation patterns for multi-accent (polytonic) Modern Greek
(c:/texlive/2010/texmf-dist/tex/generic/hyph-utf8/patterns/tex/hyph-el-polyton.
tex))
\l@polygreek=\language31
\l@hungarian=\language32

(c:/texlive/2010/texmf-dist/tex/generic/hyph-utf8/loadhyph/loadhyph-hu.tex
UTF-8 Hungarian Hyphenation Patterns (v20031107)
(c:/texlive/2010/texmf-dist/tex/generic/hyph-utf8/patterns/tex/hyph-hu.tex
Huhyphn - hungarian hyphenation patterns v20081106))
\l@icelandic=\language33

(c:/texlive/2010/texmf-dist/tex/generic/hyph-utf8/loadhyph/loadhyph-is.tex
UTF-8 Icelandic Hyphenation Patterns
(c:/texlive/2010/texmf-dist/tex/generic/hyph-utf8/patterns/tex/hyph-is.tex))
\l@assamese=\language34

(c:/texlive/2010/texmf-dist/tex/generic/hyph-utf8/loadhyph/loadhyph-as.tex
UTF-8 Assameze Hyphenation Patterns
(c:/texlive/2010/texmf-dist/tex/generic/hyph-utf8/patterns/tex/hyph-as.tex))
\l@bengali=\language35

(c:/texlive/2010/texmf-dist/tex/generic/hyph-utf8/loadhyph/loadhyph-bn.tex
UTF-8 Bengali Hyphenation Patterns
(c:/texlive/2010/texmf-dist/tex/generic/hyph-utf8/patterns/tex/hyph-bn.tex))
\l@gujarati=\language36

(c:/texlive/2010/texmf-dist/tex/generic/hyph-utf8/loadhyph/loadhyph-gu.tex
UTF-8 Gujarati Hyphenation Patterns
(c:/texlive/2010/texmf-dist/tex/generic/hyph-utf8/patterns/tex/hyph-gu.tex))
\l@hindi=\language37

(c:/texlive/2010/texmf-dist/tex/generic/hyph-utf8/loadhyph/loadhyph-hi.tex
UTF-8 Hindi Hyphenation Patterns
(c:/texlive/2010/texmf-dist/tex/generic/hyph-utf8/patterns/tex/hyph-hi.tex))
\l@kannada=\language38

(c:/texlive/2010/texmf-dist/tex/generic/hyph-utf8/loadhyph/loadhyph-kn.tex
UTF-8 Kannada Hyphenation Patterns
(c:/texlive/2010/texmf-dist/tex/generic/hyph-utf8/patterns/tex/hyph-kn.tex))
\l@malayalam=\language39

(c:/texlive/2010/texmf-dist/tex/generic/hyph-utf8/loadhyph/loadhyph-ml.tex
UTF-8 Malayalam Hyphenation Patterns
(c:/texlive/2010/texmf-dist/tex/generic/hyph-utf8/patterns/tex/hyph-ml.tex))
\l@marathi=\language40

(c:/texlive/2010/texmf-dist/tex/generic/hyph-utf8/loadhyph/loadhyph-mr.tex
UTF-8 Marathi Hyphenation Patterns
(c:/texlive/2010/texmf-dist/tex/generic/hyph-utf8/patterns/tex/hyph-mr.tex))
\l@oriya=\language41

(c:/texlive/2010/texmf-dist/tex/generic/hyph-utf8/loadhyph/loadhyph-or.tex
UTF-8 Oriya Hyphenation Patterns
(c:/texlive/2010/texmf-dist/tex/generic/hyph-utf8/patterns/tex/hyph-or.tex))
\l@panjabi=\language42

(c:/texlive/2010/texmf-dist/tex/generic/hyph-utf8/loadhyph/loadhyph-pa.tex
UTF-8 Panjabi Hyphenation Patterns
(c:/texlive/2010/texmf-dist/tex/generic/hyph-utf8/patterns/tex/hyph-pa.tex))
\l@tamil=\language43

(c:/texlive/2010/texmf-dist/tex/generic/hyph-utf8/loadhyph/loadhyph-ta.tex
UTF-8 Tamil Hyphenation Patterns
(c:/texlive/2010/texmf-dist/tex/generic/hyph-utf8/patterns/tex/hyph-ta.tex))
\l@telugu=\language44

(c:/texlive/2010/texmf-dist/tex/generic/hyph-utf8/loadhyph/loadhyph-te.tex
UTF-8 Telugu Hyphenation Patterns
(c:/texlive/2010/texmf-dist/tex/generic/hyph-utf8/patterns/tex/hyph-te.tex))
\l@indonesian=\language45

(c:/texlive/2010/texmf-dist/tex/generic/hyph-utf8/loadhyph/loadhyph-id.tex
ASCII Indonesian Hyphenation Patterns
(c:/texlive/2010/texmf-dist/tex/generic/hyph-utf8/patterns/tex/hyph-id.tex))
\l@interlingua=\language46

(c:/texlive/2010/texmf-dist/tex/generic/hyph-utf8/loadhyph/loadhyph-ia.tex
ASCII Hyphenation Patterns for Interlingua
(c:/texlive/2010/texmf-dist/tex/generic/hyph-utf8/patterns/tex/hyph-ia.tex))
\l@irish=\language47

(c:/texlive/2010/texmf-dist/tex/generic/hyph-utf8/loadhyph/loadhyph-ga.tex
UTF-8 Irish Hyphenation Patterns
(c:/texlive/2010/texmf-dist/tex/generic/hyph-utf8/patterns/tex/hyph-ga.tex))
\l@italian=\language48

(c:/texlive/2010/texmf-dist/tex/generic/hyph-utf8/loadhyph/loadhyph-it.tex
ASCII Italian Hyphenation Patterns
(c:/texlive/2010/texmf-dist/tex/generic/hyph-utf8/patterns/tex/hyph-it.tex))
\l@kurmanji=\language49

(c:/texlive/2010/texmf-dist/tex/generic/hyph-utf8/loadhyph/loadhyph-kmr.tex
UTF-8 Kurmanji Hyphenation Patterns (v. 1.0 2009/06/29 JKn and MSh)
(c:/texlive/2010/texmf-dist/tex/generic/hyph-utf8/patterns/tex/hyph-kmr.tex))
\l@lao=\language50

(c:/texlive/2010/texmf-dist/tex/generic/hyph-utf8/loadhyph/loadhyph-lo.tex
UTF-8 Lao Hyphenation Patterns
(c:/texlive/2010/texmf-dist/tex/generic/hyph-utf8/patterns/tex/hyph-lo.tex))
\l@latin=\language51

(c:/texlive/2010/texmf-dist/tex/generic/hyph-utf8/loadhyph/loadhyph-la.tex
UTF-8 Latin Hyphenation Patterns
(c:/texlive/2010/texmf-dist/tex/generic/hyph-utf8/patterns/tex/hyph-la.tex))
\l@latvian=\language52

(c:/texlive/2010/texmf-dist/tex/generic/hyph-utf8/loadhyph/loadhyph-lv.tex
UTF-8 Latvian Hyphenation Patterns
(c:/texlive/2010/texmf-dist/tex/generic/hyph-utf8/patterns/tex/hyph-lv.tex))
\l@lithuanian=\language53

(c:/texlive/2010/texmf-dist/tex/generic/hyph-utf8/loadhyph/loadhyph-lt.tex
UTF-8 Lithuanian Hyphenation Patterns
(c:/texlive/2010/texmf-dist/tex/generic/hyph-utf8/patterns/tex/hyph-lt.tex))
\l@mongolian=\language54

(c:/texlive/2010/texmf-dist/tex/generic/hyph-utf8/loadhyph/loadhyph-mn-cyrl.tex
UTF-8 (New) Mongolian Hyphenation Patterns
(c:/texlive/2010/texmf-dist/tex/generic/hyph-utf8/patterns/tex/hyph-mn-cyrl.tex
))
\l@mongolianlmc=\language55

(c:/texlive/2010/texmf-dist/tex/generic/hyph-utf8/loadhyph/loadhyph-mn-cyrl-x-l
mc.tex UTF-8 Mongolian hyphenation patterns
(c:/texlive/2010/texmf-dist/tex/generic/hyph-utf8/patterns/tex/hyph-mn-cyrl-x-l
mc.tex))
\l@bokmal=\language56

(c:/texlive/2010/texmf-dist/tex/generic/hyph-utf8/loadhyph/loadhyph-nb.tex
UTF-8 Norwegian Bokmal Hyphenation Patterns
(c:/texlive/2010/texmf-dist/tex/generic/hyph-utf8/patterns/tex/hyph-nb.tex
(c:/texlive/2010/texmf-dist/tex/generic/hyph-utf8/patterns/tex/hyph-no.tex)))
\l@norwegian=\language56
\l@norsk=\language56
\l@nynorsk=\language57

(c:/texlive/2010/texmf-dist/tex/generic/hyph-utf8/loadhyph/loadhyph-nn.tex
UTF-8 Norwegian Nynorsk Hyphenation Patterns
(c:/texlive/2010/texmf-dist/tex/generic/hyph-utf8/patterns/tex/hyph-nn.tex
(c:/texlive/2010/texmf-dist/tex/generic/hyph-utf8/patterns/tex/hyph-no.tex)))
\l@polish=\language58

(c:/texlive/2010/texmf-dist/tex/generic/hyph-utf8/loadhyph/loadhyph-pl.tex
UTF-8 Polish Hyphenation Patterns
(c:/texlive/2010/texmf-dist/tex/generic/hyph-utf8/patterns/tex/hyph-pl.tex))
\l@portuguese=\language59

(c:/texlive/2010/texmf-dist/tex/generic/hyph-utf8/loadhyph/loadhyph-pt.tex
UTF-8 Portuguese Hyphenation Patterns
(c:/texlive/2010/texmf-dist/tex/generic/hyph-utf8/patterns/tex/hyph-pt.tex))
\l@portuges=\language59
\l@romanian=\language60

(c:/texlive/2010/texmf-dist/tex/generic/hyph-utf8/loadhyph/loadhyph-ro.tex
UTF-8 Romanian Hyphenation Patterns
(c:/texlive/2010/texmf-dist/tex/generic/hyph-utf8/patterns/tex/hyph-ro.tex))
\l@russian=\language61

(c:/texlive/2010/texmf-dist/tex/generic/hyph-utf8/loadhyph/loadhyph-ru.tex
UTF-8 Russian Hyphenation Patterns
(c:/texlive/2010/texmf-dist/tex/generic/hyph-utf8/patterns/tex/hyph-ru.tex)
(c:/texlive/2010/texmf-dist/tex/generic/hyph-utf8/patterns/tex-special/exhyph-r
u.tex))
\l@sanskrit=\language62

(c:/texlive/2010/texmf-dist/tex/generic/hyph-utf8/loadhyph/loadhyph-sa.tex
UTF-8 Sanskrit Hyphenation Patterns (v0.2, 2008/1/3)
(c:/texlive/2010/texmf-dist/tex/generic/hyph-utf8/patterns/tex/hyph-sa.tex))
\l@serbian=\language63

(c:/texlive/2010/texmf-dist/tex/generic/hyph-utf8/loadhyph/loadhyph-sr-latn.tex
UTF-8 Serbian hyphenation patterns in Latin script
(c:/texlive/2010/texmf-dist/tex/generic/hyph-utf8/patterns/tex/hyph-sh-latn.tex
))
\l@slovak=\language64
 (c:/texlive/2010/texmf-dist/tex/generic/hyph-utf8/loadhyph/loadhyph-sk.tex
UTF-8 Slovak Hyphenation Patterns (Jana Chlebikova, 1992)
(c:/texlive/2010/texmf-dist/tex/generic/hyph-utf8/patterns/tex/hyph-sk.tex))
\l@slovenian=\language65

(c:/texlive/2010/texmf-dist/tex/generic/hyph-utf8/loadhyph/loadhyph-sl.tex
UTF-8 Slovenian Hyphenation Patterns
(c:/texlive/2010/texmf-dist/tex/generic/hyph-utf8/patterns/tex/hyph-sl.tex))
\l@slovene=\language65
\l@spanish=\language66

(c:/texlive/2010/texmf-dist/tex/generic/hyph-utf8/loadhyph/loadhyph-es.tex
UTF-8 Spanish Hyphenation Patterns
(c:/texlive/2010/texmf-dist/tex/generic/hyph-utf8/patterns/tex/hyph-es.tex))
\l@espanol=\language66
\l@swedish=\language67

(c:/texlive/2010/texmf-dist/tex/generic/hyph-utf8/loadhyph/loadhyph-sv.tex
UTF-8 Swedish hyphenation patterns (Jan Michael Rynning, 1994-03-03)
(c:/texlive/2010/texmf-dist/tex/generic/hyph-utf8/patterns/tex/hyph-sv.tex))
\l@turkish=\language68

(c:/texlive/2010/texmf-dist/tex/generic/hyph-utf8/loadhyph/loadhyph-tr.tex
UTF-8 Turkish Hyphenation Patterns
(c:/texlive/2010/texmf-dist/tex/generic/hyph-utf8/patterns/tex/hyph-tr.tex))
\l@turkmen=\language69

(c:/texlive/2010/texmf-dist/tex/generic/hyph-utf8/loadhyph/loadhyph-tk.tex
UTF-8 Turkmen Hyphenation Patterns
(c:/texlive/2010/texmf-dist/tex/generic/hyph-utf8/patterns/tex/hyph-tk.tex))
\l@ukrainian=\language70

(c:/texlive/2010/texmf-dist/tex/generic/hyph-utf8/loadhyph/loadhyph-uk.tex
UTF-8 Ukrainian Hyphenation Patterns
(c:/texlive/2010/texmf-dist/tex/generic/hyph-utf8/patterns/tex/hyph-uk.tex)
(c:/texlive/2010/texmf-dist/tex/generic/hyph-utf8/patterns/tex-special/exhyph-u
k.tex))
\l@uppersorbian=\language71

(c:/texlive/2010/texmf-dist/tex/generic/hyph-utf8/loadhyph/loadhyph-hsb.tex
UTF-8 Upper Sorbian Hyphenation Patterns (E. Werner)
(c:/texlive/2010/texmf-dist/tex/generic/hyph-utf8/patterns/tex/hyph-hsb.tex))
\l@welsh=\language72

(c:/texlive/2010/texmf-dist/tex/generic/hyph-utf8/loadhyph/loadhyph-cy.tex
UTF-8 Welsh Hyphenation Patterns
(c:/texlive/2010/texmf-dist/tex/generic/hyph-utf8/patterns/tex/hyph-cy.tex)))
=================================
Applying patch file ltpatch.ltx
=================================
(c:/texlive/2010/texmf-dist/tex/latex/base/ltpatch.ltx)
)
\xe@alloc@intercharclass=\count79
 )
Beginning to dump on file xelatex.fmt
 (format=xelatex 2010.11.15)
71001 strings of total length 90131
46684 memory locations dumped; current usage is 264&44029
3355 multiletter control sequences
\font\nullfont=nullfont
\font\OMX/cmex/m/n/10=cmex10
\font\tenln=line10
\font\tenlnw=linew10
\font\tencirc=lcircle10
\font\tencircw=lcirclew10
\font\OT1/cmr/m/n/5=cmr5
\font\OT1/cmr/m/n/7=cmr7
\font\OT1/cmr/m/n/10=cmr10
\font\OML/cmm/m/it/5=cmmi5
\font\OML/cmm/m/it/7=cmmi7
\font\OML/cmm/m/it/10=cmmi10
\font\OMS/cmsy/m/n/5=cmsy5
\font\OMS/cmsy/m/n/7=cmsy7
\font\OMS/cmsy/m/n/10=cmsy10
3633 words of font info for 14 preloaded fonts
669 hyphenation exceptions
Hyphenation trie of length 304793 has 8677 ops out of 35111
  143 for language 72
  110 for language 71
  138 for language 70
  7 for language 69
  12 for language 68
  127 for language 67
  165 for language 66
  71 for language 65
  248 for language 64
  66 for language 63
  14 for language 62
  119 for language 61
  58 for language 60
  7 for language 59
  194 for language 58
  815 for language 57
  815 for language 56
  21 for language 55
  38 for language 54
  77 for language 53
  58 for language 52
  25 for language 51
  5 for language 50
  27 for language 49
  37 for language 48
  229 for language 47
  38 for language 46
  21 for language 45
  6 for language 44
  7 for language 43
  6 for language 42
  6 for language 41
  6 for language 40
  8 for language 39
  6 for language 38
  6 for language 37
  6 for language 36
  6 for language 35
  6 for language 34
  147 for language 33
  185 for language 32
  44 for language 31
  20 for language 30
  366 for language 29
  374 for language 28
  387 for language 27
  76 for language 26
  88 for language 25
  31 for language 24
  113 for language 22
  145 for language 21
  377 for language 20
  224 for language 19
  265 for language 18
  60 for language 17
  63 for language 16
  19 for language 15
  15 for language 14
  2 for language 13
  21 for language 12
  12 for language 11
  5 for language 10
  2 for language 9
  148 for language 7
  78 for language 6
  712 for language 5
  374 for language 4
  387 for language 3
  2 for language 1
  181 for language 0
No pages of output.
